<?xml version="1.0" encoding="UTF-8"?>
<testsuite xmlns:xsi="http://www.w3.org/2001/XMLSchema-instance" xsi:noNamespaceSchemaLocation="https://maven.apache.org/surefire/maven-surefire-plugin/xsd/surefire-test-report-3.0.xsd" version="3.0" name="com.moneymanager.auth.AuthServiceTest" time="0.284" tests="9" errors="0" skipped="0" failures="0">
  <properties>
[...]
</properties>
  <testcase name="shouldLoginWithCorrectCredentials" classname="com.moneymanager.auth.AuthServiceTest" time="0.172"/>
  <testcase name="shouldReturnFalseIfUserDoesNotExist" classname="com.moneymanager.auth.AuthServiceTest" time="0.004"/>
  <testcase name="shouldReturnTrueIfUserExists" classname="com.moneymanager.auth.AuthServiceTest" time="0.003"/>
  <testcase name="shouldRegisterValidUser" classname="com.moneymanager.auth.AuthServiceTest" time="0.006"/>
  <testcase name="shouldNotAllowDuplicateUsername" classname="com.moneymanager.auth.AuthServiceTest" time="0.005"/>
  <testcase name="shouldReturnFalseForWrongPassword" classname="com.moneymanager.auth.AuthServiceTest" time="0.003"/>
  <testcase name="shouldThrowExceptionForBlankUsername" classname="com.moneymanager.auth.AuthServiceTest" time="0.003"/>
  <testcase name="shouldThrowExceptionForShortPassword" classname="com.moneymanager.auth.AuthServiceTest" time="0.003"/>
  <testcase name="shouldThrowExceptionIfUserDoesNotExist" classname="com.moneymanager.auth.AuthServiceTest" time="0.003"/>
</testsuite>